<?xml version="1.0" encoding="UTF-8"?>
<!-- Generated by org.testng.reporters.JUnitXMLReporter -->
<testsuite ignored="0" hostname="iSHIELD-Lap" failures="0" tests="6" name="Default test" time="0.301" errors="0" timestamp="2022-08-08T16:57:17 IST">
  <testcase classname="com.TestNg.Priority" name="Sour" time="0.03"/>
  <testcase classname="com.TestNg.Priority" name="Astringent" time="0.011"/>
  <testcase classname="com.TestNg.Priority" name="Spicy" time="0.01"/>
  <testcase classname="com.TestNg.Priority" name="Sweet" time="0.009"/>
  <testcase classname="com.TestNg.Priority" name="Bitter" time="0.013"/>
  <testcase classname="com.TestNg.Priority" name="Salty" time="0.015"/>
</testsuite> <!-- Default test -->
